c:\users\protnc\source\repos\stopwatch2\stopwatch2\x64\debug\qrc_widget.obj
c:\users\protnc\source\repos\stopwatch2\stopwatch2\x64\debug\moc_widget.obj
c:\users\protnc\source\repos\stopwatch2\stopwatch2\x64\debug\vc143.pdb
c:\users\protnc\source\repos\stopwatch2\stopwatch2\x64\debug\main.obj
c:\users\protnc\source\repos\stopwatch2\x64\debug\stopwatch2.exe
c:\users\protnc\source\repos\stopwatch2\x64\debug\stopwatch2.ilk
c:\users\protnc\source\repos\stopwatch2\x64\debug\stopwatch2.pdb
c:\users\protnc\source\repos\stopwatch2\stopwatch2\x64\debug\moc\moc_widget.cpp
c:\users\protnc\source\repos\stopwatch2\stopwatch2\x64\debug\rcc\qrc_widget.cpp
c:\users\protnc\source\repos\stopwatch2\stopwatch2\x64\debug\uic\ui_widget.h
c:\users\protnc\source\repos\stopwatch2\stopwatch2\x64\debug\stopwatch2.tlog\cl.command.1.tlog
c:\users\protnc\source\repos\stopwatch2\stopwatch2\x64\debug\stopwatch2.tlog\cl.items.tlog
c:\users\protnc\source\repos\stopwatch2\stopwatch2\x64\debug\stopwatch2.tlog\cl.read.1.tlog
c:\users\protnc\source\repos\stopwatch2\stopwatch2\x64\debug\stopwatch2.tlog\cl.write.1.tlog
c:\users\protnc\source\repos\stopwatch2\stopwatch2\x64\debug\stopwatch2.tlog\link.command.1.tlog
c:\users\protnc\source\repos\stopwatch2\stopwatch2\x64\debug\stopwatch2.tlog\link.read.1.tlog
c:\users\protnc\source\repos\stopwatch2\stopwatch2\x64\debug\stopwatch2.tlog\link.write.1.tlog
c:\users\protnc\source\repos\stopwatch2\stopwatch2\x64\debug\stopwatch2.tlog\moc.read.1u.tlog
c:\users\protnc\source\repos\stopwatch2\stopwatch2\x64\debug\stopwatch2.tlog\moc.write.1u.tlog
c:\users\protnc\source\repos\stopwatch2\stopwatch2\x64\debug\stopwatch2.tlog\rcc.read.1u.tlog
c:\users\protnc\source\repos\stopwatch2\stopwatch2\x64\debug\stopwatch2.tlog\rcc.write.1u.tlog
c:\users\protnc\source\repos\stopwatch2\stopwatch2\x64\debug\stopwatch2.tlog\stopwatch2.write.1u.tlog
c:\users\protnc\source\repos\stopwatch2\stopwatch2\x64\debug\stopwatch2.tlog\uic.read.1u.tlog
c:\users\protnc\source\repos\stopwatch2\stopwatch2\x64\debug\stopwatch2.tlog\uic.write.1u.tlog
